cl : Command line warning D9007: '/Gm' requires '/Zi or /ZI'; option ignored
  app1.c
app1.c(192): warning C4013: 'SQLcolumnReturn' undefined; assuming extern returning int
app1.c(490): warning C4047: 'function': 'char *' differs in levels of indirection from 'char *[400]'
app1.c(490): warning C4024: 'strcpy': different types for formal and actual parameter 1
app1.c(491): warning C4020: 'AppGotoPublicWrapper': too many actual parameters
app1.c(441): warning C4996: 'sprintf': This function or variable may be unsafe. Consider using sprintf_s instead. To disable deprecation, use _CRT_SECURE_NO_WARNINGS. See online help for details.
  C:\Program Files (x86)\Windows Kits\10\Include\10.0.14393.0\ucrt\stdio.h(1769): note: see declaration of 'sprintf'
app1.c(442): warning C4996: 'strcpy': This function or variable may be unsafe. Consider using strcpy_s instead. To disable deprecation, use _CRT_SECURE_NO_WARNINGS. See online help for details.
  C:\Program Files (x86)\Windows Kits\10\Include\10.0.14393.0\ucrt\string.h(129): note: see declaration of 'strcpy'
app1.c(446): warning C4996: 'strcpy': This function or variable may be unsafe. Consider using strcpy_s instead. To disable deprecation, use _CRT_SECURE_NO_WARNINGS. See online help for details.
  C:\Program Files (x86)\Windows Kits\10\Include\10.0.14393.0\ucrt\string.h(129): note: see declaration of 'strcpy'
app1.c(456): warning C4996: 'sprintf': This function or variable may be unsafe. Consider using sprintf_s instead. To disable deprecation, use _CRT_SECURE_NO_WARNINGS. See online help for details.
  C:\Program Files (x86)\Windows Kits\10\Include\10.0.14393.0\ucrt\stdio.h(1769): note: see declaration of 'sprintf'
app1.c(458): warning C4996: 'strcpy': This function or variable may be unsafe. Consider using strcpy_s instead. To disable deprecation, use _CRT_SECURE_NO_WARNINGS. See online help for details.
  C:\Program Files (x86)\Windows Kits\10\Include\10.0.14393.0\ucrt\string.h(129): note: see declaration of 'strcpy'
app1.c(490): warning C4996: 'strcpy': This function or variable may be unsafe. Consider using strcpy_s instead. To disable deprecation, use _CRT_SECURE_NO_WARNINGS. See online help for details.
  C:\Program Files (x86)\Windows Kits\10\Include\10.0.14393.0\ucrt\string.h(129): note: see declaration of 'strcpy'
app1.c(556): warning C4047: 'function': 'char *const ' differs in levels of indirection from 'char *[400]'
app1.c(556): warning C4024: 'sprintf': different types for formal and actual parameter 1
app1.c(560): warning C4047: 'function': 'char *' differs in levels of indirection from 'char *[400]'
app1.c(560): warning C4024: 'strcpy': different types for formal and actual parameter 1
app1.c(560): warning C4047: 'function': 'const char *' differs in levels of indirection from 'char *[400]'
app1.c(560): warning C4024: 'concat': different types for formal and actual parameter 1
app1.c(511): warning C4996: 'sprintf': This function or variable may be unsafe. Consider using sprintf_s instead. To disable deprecation, use _CRT_SECURE_NO_WARNINGS. See online help for details.
  C:\Program Files (x86)\Windows Kits\10\Include\10.0.14393.0\ucrt\stdio.h(1769): note: see declaration of 'sprintf'
app1.c(517): warning C4996: 'sprintf': This function or variable may be unsafe. Consider using sprintf_s instead. To disable deprecation, use _CRT_SECURE_NO_WARNINGS. See online help for details.
  C:\Program Files (x86)\Windows Kits\10\Include\10.0.14393.0\ucrt\stdio.h(1769): note: see declaration of 'sprintf'
app1.c(519): warning C4996: 'strcpy': This function or variable may be unsafe. Consider using strcpy_s instead. To disable deprecation, use _CRT_SECURE_NO_WARNINGS. See online help for details.
  C:\Program Files (x86)\Windows Kits\10\Include\10.0.14393.0\ucrt\string.h(129): note: see declaration of 'strcpy'
app1.c(526): warning C4996: 'sprintf': This function or variable may be unsafe. Consider using sprintf_s instead. To disable deprecation, use _CRT_SECURE_NO_WARNINGS. See online help for details.
  C:\Program Files (x86)\Windows Kits\10\Include\10.0.14393.0\ucrt\stdio.h(1769): note: see declaration of 'sprintf'
app1.c(556): warning C4996: 'sprintf': This function or variable may be unsafe. Consider using sprintf_s instead. To disable deprecation, use _CRT_SECURE_NO_WARNINGS. See online help for details.
  C:\Program Files (x86)\Windows Kits\10\Include\10.0.14393.0\ucrt\stdio.h(1769): note: see declaration of 'sprintf'
app1.c(559): warning C4996: 'sprintf': This function or variable may be unsafe. Consider using sprintf_s instead. To disable deprecation, use _CRT_SECURE_NO_WARNINGS. See online help for details.
  C:\Program Files (x86)\Windows Kits\10\Include\10.0.14393.0\ucrt\stdio.h(1769): note: see declaration of 'sprintf'
app1.c(560): warning C4996: 'strcpy': This function or variable may be unsafe. Consider using strcpy_s instead. To disable deprecation, use _CRT_SECURE_NO_WARNINGS. See online help for details.
  C:\Program Files (x86)\Windows Kits\10\Include\10.0.14393.0\ucrt\string.h(129): note: see declaration of 'strcpy'
app1.c(595): warning C4028: formal parameter 1 different from declaration
app1.c(595): warning C4028: formal parameter 2 different from declaration
app1.c(602): warning C4047: 'function': 'char *' differs in levels of indirection from 'char *[400]'
app1.c(602): warning C4024: 'SQLspeakQuery': different types for formal and actual parameter 2
app1.c(600): warning C4477: 'printf' : format string '%s' requires an argument of type 'char *', but variadic argument 1 has type 'char **'
app1.c(896): warning C4113: 'void (__cdecl *)(App *,char)' differs in parameter lists from 'AppFunction'
app1.c(897): warning C4113: 'void (__cdecl *)(App *,char)' differs in parameter lists from 'AppFunction'
  date_time_functions.c
date_time_functions.c(37): warning C4013: 'concat' undefined; assuming extern returning int
date_time_functions.c(44): warning C4047: '=': 'char' differs in levels of indirection from 'char [2]'
date_time_functions.c(45): warning C4013: 'integer_to_string' undefined; assuming extern returning int
date_time_functions.c(37): warning C4047: 'initializing': 'char *' differs in levels of indirection from 'int'
date_time_functions.c(38): warning C4047: 'initializing': 'char *' differs in levels of indirection from 'int'
date_time_functions.c(45): warning C4047: 'initializing': 'char *' differs in levels of indirection from 'int'
date_time_functions.c(46): warning C4047: 'initializing': 'char *' differs in levels of indirection from 'int'
date_time_functions.c(49): warning C4047: 'initializing': 'char *' differs in levels of indirection from 'int'
date_time_functions.c(52): warning C4047: 'initializing': 'char *' differs in levels of indirection from 'int'
date_time_functions.c(55): warning C4047: 'initializing': 'char *' differs in levels of indirection from 'int'
date_time_functions.c(58): warning C4047: 'initializing': 'char *' differs in levels of indirection from 'int'
date_time_functions.c(61): warning C4047: 'initializing': 'char *' differs in levels of indirection from 'int'
date_time_functions.c(62): warning C4047: 'initializing': 'char *' differs in levels of indirection from 'int'
date_time_functions.c(63): warning C4047: 'initializing': 'char *' differs in levels of indirection from 'int'
date_time_functions.c(64): warning C4047: 'initializing': 'char *' differs in levels of indirection from 'int'
date_time_functions.c(97): warning C4047: '=': 'char *' differs in levels of indirection from 'int'
date_time_functions.c(100): warning C4047: '=': 'char *' differs in levels of indirection from 'int'
date_time_functions.c(129): warning C4047: '=': 'char *' differs in levels of indirection from 'int'
date_time_functions.c(132): warning C4047: '=': 'char *' differs in levels of indirection from 'int'
date_time_functions.c(94): warning C4047: 'initializing': 'char *' differs in levels of indirection from 'int'
date_time_functions.c(105): warning C4047: 'initializing': 'char *' differs in levels of indirection from 'int'
date_time_functions.c(106): warning C4047: 'initializing': 'char *' differs in levels of indirection from 'int'
date_time_functions.c(112): warning C4047: 'initializing': 'char *' differs in levels of indirection from 'int'
date_time_functions.c(113): warning C4047: 'initializing': 'char *' differs in levels of indirection from 'int'
date_time_functions.c(119): warning C4047: 'initializing': 'char *' differs in levels of indirection from 'int'
date_time_functions.c(120): warning C4047: 'initializing': 'char *' differs in levels of indirection from 'int'
date_time_functions.c(127): warning C4047: 'initializing': 'char *' differs in levels of indirection from 'int'
date_time_functions.c(137): warning C4047: 'initializing': 'char *' differs in levels of indirection from 'int'
date_time_functions.c(138): warning C4047: 'initializing': 'char *' differs in levels of indirection from 'int'
date_time_functions.c(144): warning C4047: 'initializing': 'char *' differs in levels of indirection from 'int'
date_time_functions.c(145): warning C4047: 'initializing': 'char *' differs in levels of indirection from 'int'
date_time_functions.c(151): warning C4047: 'initializing': 'char *' differs in levels of indirection from 'int'
date_time_functions.c(152): warning C4047: 'initializing': 'char *' differs in levels of indirection from 'int'
date_time_functions.c(160): warning C4047: 'initializing': 'char *' differs in levels of indirection from 'int'
date_time_functions.c(161): warning C4047: 'initializing': 'char *' differs in levels of indirection from 'int'
date_time_functions.c(167): warning C4047: 'initializing': 'char *' differs in levels of indirection from 'int'
date_time_functions.c(168): warning C4047: 'initializing': 'char *' differs in levels of indirection from 'int'
date_time_functions.c(174): warning C4047: 'initializing': 'char *' differs in levels of indirection from 'int'
date_time_functions.c(175): warning C4047: 'initializing': 'char *' differs in levels of indirection from 'int'
  Generating Code...
c:\nuance85\aint512\tutorials\retry\1_tutorial1_applebananatts\tutorial1_applebananatts\date_time_functions.c(181): warning C4715: 'returnTime': not all control paths return a value
  app1.vcxproj -> C:\nuance85\AINT512\Tutorials\retry\1_Tutorial1_AppleBananaTTS\Tutorial1_AppleBananaTTS\.\Debug\app1.exe
  app1.vcxproj -> .\Debug\app1.pdb (Full PDB)
